ARM GAS  C:\Users\28212\AppData\Local\Temp\ccKHYosg.s 			page 1


   1              		.cpu cortex-m4
   2              		.arch armv7e-m
   3              		.fpu fpv4-sp-d16
   4              		.eabi_attribute 27, 1
   5              		.eabi_attribute 28, 1
   6              		.eabi_attribute 20, 1
   7              		.eabi_attribute 21, 1
   8              		.eabi_attribute 23, 3
   9              		.eabi_attribute 24, 1
  10              		.eabi_attribute 25, 1
  11              		.eabi_attribute 26, 1
  12              		.eabi_attribute 30, 1
  13              		.eabi_attribute 34, 1
  14              		.eabi_attribute 18, 4
  15              		.file	"can.c"
  16              		.text
  17              	.Ltext0:
  18              		.cfi_sections	.debug_frame
  19              		.section	.text.MX_CAN1_Init,"ax",%progbits
  20              		.align	1
  21              		.global	MX_CAN1_Init
  22              		.syntax unified
  23              		.thumb
  24              		.thumb_func
  26              	MX_CAN1_Init:
  27              	.LFB130:
  28              		.file 1 "Core/Src/can.c"
   1:Core/Src/can.c **** /* USER CODE BEGIN Header */
   2:Core/Src/can.c **** /**
   3:Core/Src/can.c ****   ******************************************************************************
   4:Core/Src/can.c ****   * @file    can.c
   5:Core/Src/can.c ****   * @brief   This file provides code for the configuration
   6:Core/Src/can.c ****   *          of the CAN instances.
   7:Core/Src/can.c ****   ******************************************************************************
   8:Core/Src/can.c ****   * @attention
   9:Core/Src/can.c ****   *
  10:Core/Src/can.c ****   * Copyright (c) 2024 STMicroelectronics.
  11:Core/Src/can.c ****   * All rights reserved.
  12:Core/Src/can.c ****   *
  13:Core/Src/can.c ****   * This software is licensed under terms that can be found in the LICENSE file
  14:Core/Src/can.c ****   * in the root directory of this software component.
  15:Core/Src/can.c ****   * If no LICENSE file comes with this software, it is provided AS-IS.
  16:Core/Src/can.c ****   *
  17:Core/Src/can.c ****   ******************************************************************************
  18:Core/Src/can.c ****   */
  19:Core/Src/can.c **** /* USER CODE END Header */
  20:Core/Src/can.c **** /* Includes ------------------------------------------------------------------*/
  21:Core/Src/can.c **** #include "can.h"
  22:Core/Src/can.c **** 
  23:Core/Src/can.c **** /* USER CODE BEGIN 0 */
  24:Core/Src/can.c **** 
  25:Core/Src/can.c **** /* USER CODE END 0 */
  26:Core/Src/can.c **** 
  27:Core/Src/can.c **** CAN_HandleTypeDef hcan1;
  28:Core/Src/can.c **** CAN_HandleTypeDef hcan2;
  29:Core/Src/can.c **** 
  30:Core/Src/can.c **** /* CAN1 init function */
ARM GAS  C:\Users\28212\AppData\Local\Temp\ccKHYosg.s 			page 2


  31:Core/Src/can.c **** void MX_CAN1_Init(void)
  32:Core/Src/can.c **** {
  29              		.loc 1 32 1 view -0
  30              		.cfi_startproc
  31              		@ args = 0, pretend = 0, frame = 0
  32              		@ frame_needed = 0, uses_anonymous_args = 0
  33 0000 08B5     		push	{r3, lr}
  34              	.LCFI0:
  35              		.cfi_def_cfa_offset 8
  36              		.cfi_offset 3, -8
  37              		.cfi_offset 14, -4
  33:Core/Src/can.c **** 
  34:Core/Src/can.c ****   /* USER CODE BEGIN CAN1_Init 0 */
  35:Core/Src/can.c **** 
  36:Core/Src/can.c ****   /* USER CODE END CAN1_Init 0 */
  37:Core/Src/can.c **** 
  38:Core/Src/can.c ****   /* USER CODE BEGIN CAN1_Init 1 */
  39:Core/Src/can.c **** 
  40:Core/Src/can.c ****   /* USER CODE END CAN1_Init 1 */
  41:Core/Src/can.c ****   hcan1.Instance = CAN1;
  38              		.loc 1 41 3 view .LVU1
  39              		.loc 1 41 18 is_stmt 0 view .LVU2
  40 0002 0E48     		ldr	r0, .L5
  41 0004 0E4B     		ldr	r3, .L5+4
  42 0006 0360     		str	r3, [r0]
  42:Core/Src/can.c ****   hcan1.Init.Prescaler = 3;
  43              		.loc 1 42 3 is_stmt 1 view .LVU3
  44              		.loc 1 42 24 is_stmt 0 view .LVU4
  45 0008 0323     		movs	r3, #3
  46 000a 4360     		str	r3, [r0, #4]
  43:Core/Src/can.c ****   hcan1.Init.Mode = CAN_MODE_NORMAL;
  47              		.loc 1 43 3 is_stmt 1 view .LVU5
  48              		.loc 1 43 19 is_stmt 0 view .LVU6
  49 000c 0023     		movs	r3, #0
  50 000e 8360     		str	r3, [r0, #8]
  44:Core/Src/can.c ****   hcan1.Init.SyncJumpWidth = CAN_SJW_1TQ;
  51              		.loc 1 44 3 is_stmt 1 view .LVU7
  52              		.loc 1 44 28 is_stmt 0 view .LVU8
  53 0010 C360     		str	r3, [r0, #12]
  45:Core/Src/can.c ****   hcan1.Init.TimeSeg1 = CAN_BS1_10TQ;
  54              		.loc 1 45 3 is_stmt 1 view .LVU9
  55              		.loc 1 45 23 is_stmt 0 view .LVU10
  56 0012 4FF41022 		mov	r2, #589824
  57 0016 0261     		str	r2, [r0, #16]
  46:Core/Src/can.c ****   hcan1.Init.TimeSeg2 = CAN_BS2_3TQ;
  58              		.loc 1 46 3 is_stmt 1 view .LVU11
  59              		.loc 1 46 23 is_stmt 0 view .LVU12
  60 0018 4FF40012 		mov	r2, #2097152
  61 001c 4261     		str	r2, [r0, #20]
  47:Core/Src/can.c ****   hcan1.Init.TimeTriggeredMode = DISABLE;
  62              		.loc 1 47 3 is_stmt 1 view .LVU13
  63              		.loc 1 47 32 is_stmt 0 view .LVU14
  64 001e 0376     		strb	r3, [r0, #24]
  48:Core/Src/can.c ****   hcan1.Init.AutoBusOff = ENABLE;
  65              		.loc 1 48 3 is_stmt 1 view .LVU15
  66              		.loc 1 48 25 is_stmt 0 view .LVU16
  67 0020 0122     		movs	r2, #1
ARM GAS  C:\Users\28212\AppData\Local\Temp\ccKHYosg.s 			page 3


  68 0022 4276     		strb	r2, [r0, #25]
  49:Core/Src/can.c ****   hcan1.Init.AutoWakeUp = ENABLE;
  69              		.loc 1 49 3 is_stmt 1 view .LVU17
  70              		.loc 1 49 25 is_stmt 0 view .LVU18
  71 0024 8276     		strb	r2, [r0, #26]
  50:Core/Src/can.c ****   hcan1.Init.AutoRetransmission = DISABLE;
  72              		.loc 1 50 3 is_stmt 1 view .LVU19
  73              		.loc 1 50 33 is_stmt 0 view .LVU20
  74 0026 C376     		strb	r3, [r0, #27]
  51:Core/Src/can.c ****   hcan1.Init.ReceiveFifoLocked = DISABLE;
  75              		.loc 1 51 3 is_stmt 1 view .LVU21
  76              		.loc 1 51 32 is_stmt 0 view .LVU22
  77 0028 0377     		strb	r3, [r0, #28]
  52:Core/Src/can.c ****   hcan1.Init.TransmitFifoPriority = DISABLE;
  78              		.loc 1 52 3 is_stmt 1 view .LVU23
  79              		.loc 1 52 35 is_stmt 0 view .LVU24
  80 002a 4377     		strb	r3, [r0, #29]
  53:Core/Src/can.c ****   if (HAL_CAN_Init(&hcan1) != HAL_OK)
  81              		.loc 1 53 3 is_stmt 1 view .LVU25
  82              		.loc 1 53 7 is_stmt 0 view .LVU26
  83 002c FFF7FEFF 		bl	HAL_CAN_Init
  84              	.LVL0:
  85              		.loc 1 53 6 view .LVU27
  86 0030 00B9     		cbnz	r0, .L4
  87              	.L1:
  54:Core/Src/can.c ****   {
  55:Core/Src/can.c ****     Error_Handler();
  56:Core/Src/can.c ****   }
  57:Core/Src/can.c ****   /* USER CODE BEGIN CAN1_Init 2 */
  58:Core/Src/can.c **** 
  59:Core/Src/can.c ****   /* USER CODE END CAN1_Init 2 */
  60:Core/Src/can.c **** 
  61:Core/Src/can.c **** }
  88              		.loc 1 61 1 view .LVU28
  89 0032 08BD     		pop	{r3, pc}
  90              	.L4:
  55:Core/Src/can.c ****   }
  91              		.loc 1 55 5 is_stmt 1 view .LVU29
  92 0034 FFF7FEFF 		bl	Error_Handler
  93              	.LVL1:
  94              		.loc 1 61 1 is_stmt 0 view .LVU30
  95 0038 FBE7     		b	.L1
  96              	.L6:
  97 003a 00BF     		.align	2
  98              	.L5:
  99 003c 00000000 		.word	.LANCHOR0
 100 0040 00640040 		.word	1073767424
 101              		.cfi_endproc
 102              	.LFE130:
 104              		.section	.text.MX_CAN2_Init,"ax",%progbits
 105              		.align	1
 106              		.global	MX_CAN2_Init
 107              		.syntax unified
 108              		.thumb
 109              		.thumb_func
 111              	MX_CAN2_Init:
 112              	.LFB131:
ARM GAS  C:\Users\28212\AppData\Local\Temp\ccKHYosg.s 			page 4


  62:Core/Src/can.c **** /* CAN2 init function */
  63:Core/Src/can.c **** void MX_CAN2_Init(void)
  64:Core/Src/can.c **** {
 113              		.loc 1 64 1 is_stmt 1 view -0
 114              		.cfi_startproc
 115              		@ args = 0, pretend = 0, frame = 0
 116              		@ frame_needed = 0, uses_anonymous_args = 0
 117 0000 08B5     		push	{r3, lr}
 118              	.LCFI1:
 119              		.cfi_def_cfa_offset 8
 120              		.cfi_offset 3, -8
 121              		.cfi_offset 14, -4
  65:Core/Src/can.c **** 
  66:Core/Src/can.c ****   /* USER CODE BEGIN CAN2_Init 0 */
  67:Core/Src/can.c **** 
  68:Core/Src/can.c ****   /* USER CODE END CAN2_Init 0 */
  69:Core/Src/can.c **** 
  70:Core/Src/can.c ****   /* USER CODE BEGIN CAN2_Init 1 */
  71:Core/Src/can.c **** 
  72:Core/Src/can.c ****   /* USER CODE END CAN2_Init 1 */
  73:Core/Src/can.c ****   hcan2.Instance = CAN2;
 122              		.loc 1 73 3 view .LVU32
 123              		.loc 1 73 18 is_stmt 0 view .LVU33
 124 0002 0E48     		ldr	r0, .L11
 125 0004 0E4B     		ldr	r3, .L11+4
 126 0006 0360     		str	r3, [r0]
  74:Core/Src/can.c ****   hcan2.Init.Prescaler = 3;
 127              		.loc 1 74 3 is_stmt 1 view .LVU34
 128              		.loc 1 74 24 is_stmt 0 view .LVU35
 129 0008 0323     		movs	r3, #3
 130 000a 4360     		str	r3, [r0, #4]
  75:Core/Src/can.c ****   hcan2.Init.Mode = CAN_MODE_NORMAL;
 131              		.loc 1 75 3 is_stmt 1 view .LVU36
 132              		.loc 1 75 19 is_stmt 0 view .LVU37
 133 000c 0023     		movs	r3, #0
 134 000e 8360     		str	r3, [r0, #8]
  76:Core/Src/can.c ****   hcan2.Init.SyncJumpWidth = CAN_SJW_1TQ;
 135              		.loc 1 76 3 is_stmt 1 view .LVU38
 136              		.loc 1 76 28 is_stmt 0 view .LVU39
 137 0010 C360     		str	r3, [r0, #12]
  77:Core/Src/can.c ****   hcan2.Init.TimeSeg1 = CAN_BS1_10TQ;
 138              		.loc 1 77 3 is_stmt 1 view .LVU40
 139              		.loc 1 77 23 is_stmt 0 view .LVU41
 140 0012 4FF41022 		mov	r2, #589824
 141 0016 0261     		str	r2, [r0, #16]
  78:Core/Src/can.c ****   hcan2.Init.TimeSeg2 = CAN_BS2_3TQ;
 142              		.loc 1 78 3 is_stmt 1 view .LVU42
 143              		.loc 1 78 23 is_stmt 0 view .LVU43
 144 0018 4FF40012 		mov	r2, #2097152
 145 001c 4261     		str	r2, [r0, #20]
  79:Core/Src/can.c ****   hcan2.Init.TimeTriggeredMode = DISABLE;
 146              		.loc 1 79 3 is_stmt 1 view .LVU44
 147              		.loc 1 79 32 is_stmt 0 view .LVU45
 148 001e 0376     		strb	r3, [r0, #24]
  80:Core/Src/can.c ****   hcan2.Init.AutoBusOff = ENABLE;
 149              		.loc 1 80 3 is_stmt 1 view .LVU46
 150              		.loc 1 80 25 is_stmt 0 view .LVU47
ARM GAS  C:\Users\28212\AppData\Local\Temp\ccKHYosg.s 			page 5


 151 0020 0122     		movs	r2, #1
 152 0022 4276     		strb	r2, [r0, #25]
  81:Core/Src/can.c ****   hcan2.Init.AutoWakeUp = ENABLE;
 153              		.loc 1 81 3 is_stmt 1 view .LVU48
 154              		.loc 1 81 25 is_stmt 0 view .LVU49
 155 0024 8276     		strb	r2, [r0, #26]
  82:Core/Src/can.c ****   hcan2.Init.AutoRetransmission = DISABLE;
 156              		.loc 1 82 3 is_stmt 1 view .LVU50
 157              		.loc 1 82 33 is_stmt 0 view .LVU51
 158 0026 C376     		strb	r3, [r0, #27]
  83:Core/Src/can.c ****   hcan2.Init.ReceiveFifoLocked = DISABLE;
 159              		.loc 1 83 3 is_stmt 1 view .LVU52
 160              		.loc 1 83 32 is_stmt 0 view .LVU53
 161 0028 0377     		strb	r3, [r0, #28]
  84:Core/Src/can.c ****   hcan2.Init.TransmitFifoPriority = DISABLE;
 162              		.loc 1 84 3 is_stmt 1 view .LVU54
 163              		.loc 1 84 35 is_stmt 0 view .LVU55
 164 002a 4377     		strb	r3, [r0, #29]
  85:Core/Src/can.c ****   if (HAL_CAN_Init(&hcan2) != HAL_OK)
 165              		.loc 1 85 3 is_stmt 1 view .LVU56
 166              		.loc 1 85 7 is_stmt 0 view .LVU57
 167 002c FFF7FEFF 		bl	HAL_CAN_Init
 168              	.LVL2:
 169              		.loc 1 85 6 view .LVU58
 170 0030 00B9     		cbnz	r0, .L10
 171              	.L7:
  86:Core/Src/can.c ****   {
  87:Core/Src/can.c ****     Error_Handler();
  88:Core/Src/can.c ****   }
  89:Core/Src/can.c ****   /* USER CODE BEGIN CAN2_Init 2 */
  90:Core/Src/can.c **** 
  91:Core/Src/can.c ****   /* USER CODE END CAN2_Init 2 */
  92:Core/Src/can.c **** 
  93:Core/Src/can.c **** }
 172              		.loc 1 93 1 view .LVU59
 173 0032 08BD     		pop	{r3, pc}
 174              	.L10:
  87:Core/Src/can.c ****   }
 175              		.loc 1 87 5 is_stmt 1 view .LVU60
 176 0034 FFF7FEFF 		bl	Error_Handler
 177              	.LVL3:
 178              		.loc 1 93 1 is_stmt 0 view .LVU61
 179 0038 FBE7     		b	.L7
 180              	.L12:
 181 003a 00BF     		.align	2
 182              	.L11:
 183 003c 00000000 		.word	.LANCHOR1
 184 0040 00680040 		.word	1073768448
 185              		.cfi_endproc
 186              	.LFE131:
 188              		.section	.text.HAL_CAN_MspInit,"ax",%progbits
 189              		.align	1
 190              		.global	HAL_CAN_MspInit
 191              		.syntax unified
 192              		.thumb
 193              		.thumb_func
 195              	HAL_CAN_MspInit:
ARM GAS  C:\Users\28212\AppData\Local\Temp\ccKHYosg.s 			page 6


 196              	.LVL4:
 197              	.LFB132:
  94:Core/Src/can.c **** 
  95:Core/Src/can.c **** static uint32_t HAL_RCC_CAN1_CLK_ENABLED=0;
  96:Core/Src/can.c **** 
  97:Core/Src/can.c **** void HAL_CAN_MspInit(CAN_HandleTypeDef* canHandle)
  98:Core/Src/can.c **** {
 198              		.loc 1 98 1 is_stmt 1 view -0
 199              		.cfi_startproc
 200              		@ args = 0, pretend = 0, frame = 40
 201              		@ frame_needed = 0, uses_anonymous_args = 0
 202              		.loc 1 98 1 is_stmt 0 view .LVU63
 203 0000 10B5     		push	{r4, lr}
 204              	.LCFI2:
 205              		.cfi_def_cfa_offset 8
 206              		.cfi_offset 4, -8
 207              		.cfi_offset 14, -4
 208 0002 8AB0     		sub	sp, sp, #40
 209              	.LCFI3:
 210              		.cfi_def_cfa_offset 48
  99:Core/Src/can.c **** 
 100:Core/Src/can.c ****   GPIO_InitTypeDef GPIO_InitStruct = {0};
 211              		.loc 1 100 3 is_stmt 1 view .LVU64
 212              		.loc 1 100 20 is_stmt 0 view .LVU65
 213 0004 0023     		movs	r3, #0
 214 0006 0593     		str	r3, [sp, #20]
 215 0008 0693     		str	r3, [sp, #24]
 216 000a 0793     		str	r3, [sp, #28]
 217 000c 0893     		str	r3, [sp, #32]
 218 000e 0993     		str	r3, [sp, #36]
 101:Core/Src/can.c ****   if(canHandle->Instance==CAN1)
 219              		.loc 1 101 3 is_stmt 1 view .LVU66
 220              		.loc 1 101 15 is_stmt 0 view .LVU67
 221 0010 0368     		ldr	r3, [r0]
 222              		.loc 1 101 5 view .LVU68
 223 0012 3D4A     		ldr	r2, .L23
 224 0014 9342     		cmp	r3, r2
 225 0016 04D0     		beq	.L19
 102:Core/Src/can.c ****   {
 103:Core/Src/can.c ****   /* USER CODE BEGIN CAN1_MspInit 0 */
 104:Core/Src/can.c **** 
 105:Core/Src/can.c ****   /* USER CODE END CAN1_MspInit 0 */
 106:Core/Src/can.c ****     /* CAN1 clock enable */
 107:Core/Src/can.c ****     HAL_RCC_CAN1_CLK_ENABLED++;
 108:Core/Src/can.c ****     if(HAL_RCC_CAN1_CLK_ENABLED==1){
 109:Core/Src/can.c ****       __HAL_RCC_CAN1_CLK_ENABLE();
 110:Core/Src/can.c ****     }
 111:Core/Src/can.c **** 
 112:Core/Src/can.c ****     __HAL_RCC_GPIOD_CLK_ENABLE();
 113:Core/Src/can.c ****     /**CAN1 GPIO Configuration
 114:Core/Src/can.c ****     PD0     ------> CAN1_RX
 115:Core/Src/can.c ****     PD1     ------> CAN1_TX
 116:Core/Src/can.c ****     */
 117:Core/Src/can.c ****     GPIO_InitStruct.Pin = GPIO_PIN_0|GPIO_PIN_1;
 118:Core/Src/can.c ****     GPIO_InitStruct.Mode = GPIO_MODE_AF_PP;
 119:Core/Src/can.c ****     GPIO_InitStruct.Pull = GPIO_NOPULL;
 120:Core/Src/can.c ****     GPIO_InitStruct.Speed = GPIO_SPEED_FREQ_VERY_HIGH;
ARM GAS  C:\Users\28212\AppData\Local\Temp\ccKHYosg.s 			page 7


 121:Core/Src/can.c ****     GPIO_InitStruct.Alternate = GPIO_AF9_CAN1;
 122:Core/Src/can.c ****     HAL_GPIO_Init(GPIOD, &GPIO_InitStruct);
 123:Core/Src/can.c **** 
 124:Core/Src/can.c ****     /* CAN1 interrupt Init */
 125:Core/Src/can.c ****     HAL_NVIC_SetPriority(CAN1_RX0_IRQn, 5, 0);
 126:Core/Src/can.c ****     HAL_NVIC_EnableIRQ(CAN1_RX0_IRQn);
 127:Core/Src/can.c ****   /* USER CODE BEGIN CAN1_MspInit 1 */
 128:Core/Src/can.c **** 
 129:Core/Src/can.c ****   /* USER CODE END CAN1_MspInit 1 */
 130:Core/Src/can.c ****   }
 131:Core/Src/can.c ****   else if(canHandle->Instance==CAN2)
 226              		.loc 1 131 8 is_stmt 1 view .LVU69
 227              		.loc 1 131 10 is_stmt 0 view .LVU70
 228 0018 3C4A     		ldr	r2, .L23+4
 229 001a 9342     		cmp	r3, r2
 230 001c 34D0     		beq	.L20
 231              	.LVL5:
 232              	.L13:
 132:Core/Src/can.c ****   {
 133:Core/Src/can.c ****   /* USER CODE BEGIN CAN2_MspInit 0 */
 134:Core/Src/can.c **** 
 135:Core/Src/can.c ****   /* USER CODE END CAN2_MspInit 0 */
 136:Core/Src/can.c ****     /* CAN2 clock enable */
 137:Core/Src/can.c ****     __HAL_RCC_CAN2_CLK_ENABLE();
 138:Core/Src/can.c ****     HAL_RCC_CAN1_CLK_ENABLED++;
 139:Core/Src/can.c ****     if(HAL_RCC_CAN1_CLK_ENABLED==1){
 140:Core/Src/can.c ****       __HAL_RCC_CAN1_CLK_ENABLE();
 141:Core/Src/can.c ****     }
 142:Core/Src/can.c **** 
 143:Core/Src/can.c ****     __HAL_RCC_GPIOB_CLK_ENABLE();
 144:Core/Src/can.c ****     /**CAN2 GPIO Configuration
 145:Core/Src/can.c ****     PB5     ------> CAN2_RX
 146:Core/Src/can.c ****     PB6     ------> CAN2_TX
 147:Core/Src/can.c ****     */
 148:Core/Src/can.c ****     GPIO_InitStruct.Pin = GPIO_PIN_5|GPIO_PIN_6;
 149:Core/Src/can.c ****     GPIO_InitStruct.Mode = GPIO_MODE_AF_PP;
 150:Core/Src/can.c ****     GPIO_InitStruct.Pull = GPIO_NOPULL;
 151:Core/Src/can.c ****     GPIO_InitStruct.Speed = GPIO_SPEED_FREQ_VERY_HIGH;
 152:Core/Src/can.c ****     GPIO_InitStruct.Alternate = GPIO_AF9_CAN2;
 153:Core/Src/can.c ****     HAL_GPIO_Init(GPIOB, &GPIO_InitStruct);
 154:Core/Src/can.c **** 
 155:Core/Src/can.c ****     /* CAN2 interrupt Init */
 156:Core/Src/can.c ****     HAL_NVIC_SetPriority(CAN2_RX0_IRQn, 5, 0);
 157:Core/Src/can.c ****     HAL_NVIC_EnableIRQ(CAN2_RX0_IRQn);
 158:Core/Src/can.c ****   /* USER CODE BEGIN CAN2_MspInit 1 */
 159:Core/Src/can.c **** 
 160:Core/Src/can.c ****   /* USER CODE END CAN2_MspInit 1 */
 161:Core/Src/can.c ****   }
 162:Core/Src/can.c **** }
 233              		.loc 1 162 1 view .LVU71
 234 001e 0AB0     		add	sp, sp, #40
 235              	.LCFI4:
 236              		.cfi_remember_state
 237              		.cfi_def_cfa_offset 8
 238              		@ sp needed
 239 0020 10BD     		pop	{r4, pc}
 240              	.LVL6:
ARM GAS  C:\Users\28212\AppData\Local\Temp\ccKHYosg.s 			page 8


 241              	.L19:
 242              	.LCFI5:
 243              		.cfi_restore_state
 107:Core/Src/can.c ****     if(HAL_RCC_CAN1_CLK_ENABLED==1){
 244              		.loc 1 107 5 is_stmt 1 view .LVU72
 107:Core/Src/can.c ****     if(HAL_RCC_CAN1_CLK_ENABLED==1){
 245              		.loc 1 107 29 is_stmt 0 view .LVU73
 246 0022 3B4A     		ldr	r2, .L23+8
 247 0024 1368     		ldr	r3, [r2]
 248 0026 0133     		adds	r3, r3, #1
 249 0028 1360     		str	r3, [r2]
 108:Core/Src/can.c ****       __HAL_RCC_CAN1_CLK_ENABLE();
 250              		.loc 1 108 5 is_stmt 1 view .LVU74
 108:Core/Src/can.c ****       __HAL_RCC_CAN1_CLK_ENABLE();
 251              		.loc 1 108 7 is_stmt 0 view .LVU75
 252 002a 012B     		cmp	r3, #1
 253 002c 1FD0     		beq	.L21
 254              	.L15:
 109:Core/Src/can.c ****     }
 255              		.loc 1 109 7 is_stmt 1 discriminator 1 view .LVU76
 112:Core/Src/can.c ****     /**CAN1 GPIO Configuration
 256              		.loc 1 112 5 discriminator 1 view .LVU77
 257              	.LBB2:
 112:Core/Src/can.c ****     /**CAN1 GPIO Configuration
 258              		.loc 1 112 5 discriminator 1 view .LVU78
 259 002e 0024     		movs	r4, #0
 260 0030 0194     		str	r4, [sp, #4]
 112:Core/Src/can.c ****     /**CAN1 GPIO Configuration
 261              		.loc 1 112 5 discriminator 1 view .LVU79
 262 0032 384B     		ldr	r3, .L23+12
 263 0034 1A6B     		ldr	r2, [r3, #48]
 264 0036 42F00802 		orr	r2, r2, #8
 265 003a 1A63     		str	r2, [r3, #48]
 112:Core/Src/can.c ****     /**CAN1 GPIO Configuration
 266              		.loc 1 112 5 discriminator 1 view .LVU80
 267 003c 1B6B     		ldr	r3, [r3, #48]
 268 003e 03F00803 		and	r3, r3, #8
 269 0042 0193     		str	r3, [sp, #4]
 112:Core/Src/can.c ****     /**CAN1 GPIO Configuration
 270              		.loc 1 112 5 discriminator 1 view .LVU81
 271 0044 019B     		ldr	r3, [sp, #4]
 272              	.LBE2:
 112:Core/Src/can.c ****     /**CAN1 GPIO Configuration
 273              		.loc 1 112 5 discriminator 1 view .LVU82
 117:Core/Src/can.c ****     GPIO_InitStruct.Mode = GPIO_MODE_AF_PP;
 274              		.loc 1 117 5 discriminator 1 view .LVU83
 117:Core/Src/can.c ****     GPIO_InitStruct.Mode = GPIO_MODE_AF_PP;
 275              		.loc 1 117 25 is_stmt 0 discriminator 1 view .LVU84
 276 0046 0323     		movs	r3, #3
 277 0048 0593     		str	r3, [sp, #20]
 118:Core/Src/can.c ****     GPIO_InitStruct.Pull = GPIO_NOPULL;
 278              		.loc 1 118 5 is_stmt 1 discriminator 1 view .LVU85
 118:Core/Src/can.c ****     GPIO_InitStruct.Pull = GPIO_NOPULL;
 279              		.loc 1 118 26 is_stmt 0 discriminator 1 view .LVU86
 280 004a 0222     		movs	r2, #2
 281 004c 0692     		str	r2, [sp, #24]
 119:Core/Src/can.c ****     GPIO_InitStruct.Speed = GPIO_SPEED_FREQ_VERY_HIGH;
ARM GAS  C:\Users\28212\AppData\Local\Temp\ccKHYosg.s 			page 9


 282              		.loc 1 119 5 is_stmt 1 discriminator 1 view .LVU87
 120:Core/Src/can.c ****     GPIO_InitStruct.Alternate = GPIO_AF9_CAN1;
 283              		.loc 1 120 5 discriminator 1 view .LVU88
 120:Core/Src/can.c ****     GPIO_InitStruct.Alternate = GPIO_AF9_CAN1;
 284              		.loc 1 120 27 is_stmt 0 discriminator 1 view .LVU89
 285 004e 0893     		str	r3, [sp, #32]
 121:Core/Src/can.c ****     HAL_GPIO_Init(GPIOD, &GPIO_InitStruct);
 286              		.loc 1 121 5 is_stmt 1 discriminator 1 view .LVU90
 121:Core/Src/can.c ****     HAL_GPIO_Init(GPIOD, &GPIO_InitStruct);
 287              		.loc 1 121 31 is_stmt 0 discriminator 1 view .LVU91
 288 0050 0923     		movs	r3, #9
 289 0052 0993     		str	r3, [sp, #36]
 122:Core/Src/can.c **** 
 290              		.loc 1 122 5 is_stmt 1 discriminator 1 view .LVU92
 291 0054 05A9     		add	r1, sp, #20
 292 0056 3048     		ldr	r0, .L23+16
 293              	.LVL7:
 122:Core/Src/can.c **** 
 294              		.loc 1 122 5 is_stmt 0 discriminator 1 view .LVU93
 295 0058 FFF7FEFF 		bl	HAL_GPIO_Init
 296              	.LVL8:
 125:Core/Src/can.c ****     HAL_NVIC_EnableIRQ(CAN1_RX0_IRQn);
 297              		.loc 1 125 5 is_stmt 1 discriminator 1 view .LVU94
 298 005c 2246     		mov	r2, r4
 299 005e 0521     		movs	r1, #5
 300 0060 1420     		movs	r0, #20
 301 0062 FFF7FEFF 		bl	HAL_NVIC_SetPriority
 302              	.LVL9:
 126:Core/Src/can.c ****   /* USER CODE BEGIN CAN1_MspInit 1 */
 303              		.loc 1 126 5 discriminator 1 view .LVU95
 304 0066 1420     		movs	r0, #20
 305 0068 FFF7FEFF 		bl	HAL_NVIC_EnableIRQ
 306              	.LVL10:
 307 006c D7E7     		b	.L13
 308              	.LVL11:
 309              	.L21:
 109:Core/Src/can.c ****     }
 310              		.loc 1 109 7 view .LVU96
 311              	.LBB3:
 109:Core/Src/can.c ****     }
 312              		.loc 1 109 7 view .LVU97
 313 006e 0023     		movs	r3, #0
 314 0070 0093     		str	r3, [sp]
 109:Core/Src/can.c ****     }
 315              		.loc 1 109 7 view .LVU98
 316 0072 284B     		ldr	r3, .L23+12
 317 0074 1A6C     		ldr	r2, [r3, #64]
 318 0076 42F00072 		orr	r2, r2, #33554432
 319 007a 1A64     		str	r2, [r3, #64]
 109:Core/Src/can.c ****     }
 320              		.loc 1 109 7 view .LVU99
 321 007c 1B6C     		ldr	r3, [r3, #64]
 322 007e 03F00073 		and	r3, r3, #33554432
 323 0082 0093     		str	r3, [sp]
 109:Core/Src/can.c ****     }
 324              		.loc 1 109 7 view .LVU100
 325 0084 009B     		ldr	r3, [sp]
ARM GAS  C:\Users\28212\AppData\Local\Temp\ccKHYosg.s 			page 10


 326 0086 D2E7     		b	.L15
 327              	.L20:
 328              	.LBE3:
 137:Core/Src/can.c ****     HAL_RCC_CAN1_CLK_ENABLED++;
 329              		.loc 1 137 5 view .LVU101
 330              	.LBB4:
 137:Core/Src/can.c ****     HAL_RCC_CAN1_CLK_ENABLED++;
 331              		.loc 1 137 5 view .LVU102
 332 0088 0023     		movs	r3, #0
 333 008a 0293     		str	r3, [sp, #8]
 137:Core/Src/can.c ****     HAL_RCC_CAN1_CLK_ENABLED++;
 334              		.loc 1 137 5 view .LVU103
 335 008c 214B     		ldr	r3, .L23+12
 336 008e 1A6C     		ldr	r2, [r3, #64]
 337 0090 42F08062 		orr	r2, r2, #67108864
 338 0094 1A64     		str	r2, [r3, #64]
 137:Core/Src/can.c ****     HAL_RCC_CAN1_CLK_ENABLED++;
 339              		.loc 1 137 5 view .LVU104
 340 0096 1B6C     		ldr	r3, [r3, #64]
 341 0098 03F08063 		and	r3, r3, #67108864
 342 009c 0293     		str	r3, [sp, #8]
 137:Core/Src/can.c ****     HAL_RCC_CAN1_CLK_ENABLED++;
 343              		.loc 1 137 5 view .LVU105
 344 009e 029B     		ldr	r3, [sp, #8]
 345              	.LBE4:
 137:Core/Src/can.c ****     HAL_RCC_CAN1_CLK_ENABLED++;
 346              		.loc 1 137 5 view .LVU106
 138:Core/Src/can.c ****     if(HAL_RCC_CAN1_CLK_ENABLED==1){
 347              		.loc 1 138 5 view .LVU107
 138:Core/Src/can.c ****     if(HAL_RCC_CAN1_CLK_ENABLED==1){
 348              		.loc 1 138 29 is_stmt 0 view .LVU108
 349 00a0 1B4A     		ldr	r2, .L23+8
 350 00a2 1368     		ldr	r3, [r2]
 351 00a4 0133     		adds	r3, r3, #1
 352 00a6 1360     		str	r3, [r2]
 139:Core/Src/can.c ****       __HAL_RCC_CAN1_CLK_ENABLE();
 353              		.loc 1 139 5 is_stmt 1 view .LVU109
 139:Core/Src/can.c ****       __HAL_RCC_CAN1_CLK_ENABLE();
 354              		.loc 1 139 7 is_stmt 0 view .LVU110
 355 00a8 012B     		cmp	r3, #1
 356 00aa 20D0     		beq	.L22
 357              	.L17:
 140:Core/Src/can.c ****     }
 358              		.loc 1 140 7 is_stmt 1 discriminator 1 view .LVU111
 143:Core/Src/can.c ****     /**CAN2 GPIO Configuration
 359              		.loc 1 143 5 discriminator 1 view .LVU112
 360              	.LBB5:
 143:Core/Src/can.c ****     /**CAN2 GPIO Configuration
 361              		.loc 1 143 5 discriminator 1 view .LVU113
 362 00ac 0024     		movs	r4, #0
 363 00ae 0494     		str	r4, [sp, #16]
 143:Core/Src/can.c ****     /**CAN2 GPIO Configuration
 364              		.loc 1 143 5 discriminator 1 view .LVU114
 365 00b0 184B     		ldr	r3, .L23+12
 366 00b2 1A6B     		ldr	r2, [r3, #48]
 367 00b4 42F00202 		orr	r2, r2, #2
 368 00b8 1A63     		str	r2, [r3, #48]
ARM GAS  C:\Users\28212\AppData\Local\Temp\ccKHYosg.s 			page 11


 143:Core/Src/can.c ****     /**CAN2 GPIO Configuration
 369              		.loc 1 143 5 discriminator 1 view .LVU115
 370 00ba 1B6B     		ldr	r3, [r3, #48]
 371 00bc 03F00203 		and	r3, r3, #2
 372 00c0 0493     		str	r3, [sp, #16]
 143:Core/Src/can.c ****     /**CAN2 GPIO Configuration
 373              		.loc 1 143 5 discriminator 1 view .LVU116
 374 00c2 049B     		ldr	r3, [sp, #16]
 375              	.LBE5:
 143:Core/Src/can.c ****     /**CAN2 GPIO Configuration
 376              		.loc 1 143 5 discriminator 1 view .LVU117
 148:Core/Src/can.c ****     GPIO_InitStruct.Mode = GPIO_MODE_AF_PP;
 377              		.loc 1 148 5 discriminator 1 view .LVU118
 148:Core/Src/can.c ****     GPIO_InitStruct.Mode = GPIO_MODE_AF_PP;
 378              		.loc 1 148 25 is_stmt 0 discriminator 1 view .LVU119
 379 00c4 6023     		movs	r3, #96
 380 00c6 0593     		str	r3, [sp, #20]
 149:Core/Src/can.c ****     GPIO_InitStruct.Pull = GPIO_NOPULL;
 381              		.loc 1 149 5 is_stmt 1 discriminator 1 view .LVU120
 149:Core/Src/can.c ****     GPIO_InitStruct.Pull = GPIO_NOPULL;
 382              		.loc 1 149 26 is_stmt 0 discriminator 1 view .LVU121
 383 00c8 0223     		movs	r3, #2
 384 00ca 0693     		str	r3, [sp, #24]
 150:Core/Src/can.c ****     GPIO_InitStruct.Speed = GPIO_SPEED_FREQ_VERY_HIGH;
 385              		.loc 1 150 5 is_stmt 1 discriminator 1 view .LVU122
 151:Core/Src/can.c ****     GPIO_InitStruct.Alternate = GPIO_AF9_CAN2;
 386              		.loc 1 151 5 discriminator 1 view .LVU123
 151:Core/Src/can.c ****     GPIO_InitStruct.Alternate = GPIO_AF9_CAN2;
 387              		.loc 1 151 27 is_stmt 0 discriminator 1 view .LVU124
 388 00cc 0323     		movs	r3, #3
 389 00ce 0893     		str	r3, [sp, #32]
 152:Core/Src/can.c ****     HAL_GPIO_Init(GPIOB, &GPIO_InitStruct);
 390              		.loc 1 152 5 is_stmt 1 discriminator 1 view .LVU125
 152:Core/Src/can.c ****     HAL_GPIO_Init(GPIOB, &GPIO_InitStruct);
 391              		.loc 1 152 31 is_stmt 0 discriminator 1 view .LVU126
 392 00d0 0923     		movs	r3, #9
 393 00d2 0993     		str	r3, [sp, #36]
 153:Core/Src/can.c **** 
 394              		.loc 1 153 5 is_stmt 1 discriminator 1 view .LVU127
 395 00d4 05A9     		add	r1, sp, #20
 396 00d6 1148     		ldr	r0, .L23+20
 397              	.LVL12:
 153:Core/Src/can.c **** 
 398              		.loc 1 153 5 is_stmt 0 discriminator 1 view .LVU128
 399 00d8 FFF7FEFF 		bl	HAL_GPIO_Init
 400              	.LVL13:
 156:Core/Src/can.c ****     HAL_NVIC_EnableIRQ(CAN2_RX0_IRQn);
 401              		.loc 1 156 5 is_stmt 1 discriminator 1 view .LVU129
 402 00dc 2246     		mov	r2, r4
 403 00de 0521     		movs	r1, #5
 404 00e0 4020     		movs	r0, #64
 405 00e2 FFF7FEFF 		bl	HAL_NVIC_SetPriority
 406              	.LVL14:
 157:Core/Src/can.c ****   /* USER CODE BEGIN CAN2_MspInit 1 */
 407              		.loc 1 157 5 discriminator 1 view .LVU130
 408 00e6 4020     		movs	r0, #64
 409 00e8 FFF7FEFF 		bl	HAL_NVIC_EnableIRQ
ARM GAS  C:\Users\28212\AppData\Local\Temp\ccKHYosg.s 			page 12


 410              	.LVL15:
 411              		.loc 1 162 1 is_stmt 0 discriminator 1 view .LVU131
 412 00ec 97E7     		b	.L13
 413              	.LVL16:
 414              	.L22:
 140:Core/Src/can.c ****     }
 415              		.loc 1 140 7 is_stmt 1 view .LVU132
 416              	.LBB6:
 140:Core/Src/can.c ****     }
 417              		.loc 1 140 7 view .LVU133
 418 00ee 0023     		movs	r3, #0
 419 00f0 0393     		str	r3, [sp, #12]
 140:Core/Src/can.c ****     }
 420              		.loc 1 140 7 view .LVU134
 421 00f2 084B     		ldr	r3, .L23+12
 422 00f4 1A6C     		ldr	r2, [r3, #64]
 423 00f6 42F00072 		orr	r2, r2, #33554432
 424 00fa 1A64     		str	r2, [r3, #64]
 140:Core/Src/can.c ****     }
 425              		.loc 1 140 7 view .LVU135
 426 00fc 1B6C     		ldr	r3, [r3, #64]
 427 00fe 03F00073 		and	r3, r3, #33554432
 428 0102 0393     		str	r3, [sp, #12]
 140:Core/Src/can.c ****     }
 429              		.loc 1 140 7 view .LVU136
 430 0104 039B     		ldr	r3, [sp, #12]
 431 0106 D1E7     		b	.L17
 432              	.L24:
 433              		.align	2
 434              	.L23:
 435 0108 00640040 		.word	1073767424
 436 010c 00680040 		.word	1073768448
 437 0110 00000000 		.word	.LANCHOR2
 438 0114 00380240 		.word	1073887232
 439 0118 000C0240 		.word	1073875968
 440 011c 00040240 		.word	1073873920
 441              	.LBE6:
 442              		.cfi_endproc
 443              	.LFE132:
 445              		.section	.text.HAL_CAN_MspDeInit,"ax",%progbits
 446              		.align	1
 447              		.global	HAL_CAN_MspDeInit
 448              		.syntax unified
 449              		.thumb
 450              		.thumb_func
 452              	HAL_CAN_MspDeInit:
 453              	.LVL17:
 454              	.LFB133:
 163:Core/Src/can.c **** 
 164:Core/Src/can.c **** void HAL_CAN_MspDeInit(CAN_HandleTypeDef* canHandle)
 165:Core/Src/can.c **** {
 455              		.loc 1 165 1 view -0
 456              		.cfi_startproc
 457              		@ args = 0, pretend = 0, frame = 0
 458              		@ frame_needed = 0, uses_anonymous_args = 0
 459              		.loc 1 165 1 is_stmt 0 view .LVU138
 460 0000 08B5     		push	{r3, lr}
ARM GAS  C:\Users\28212\AppData\Local\Temp\ccKHYosg.s 			page 13


 461              	.LCFI6:
 462              		.cfi_def_cfa_offset 8
 463              		.cfi_offset 3, -8
 464              		.cfi_offset 14, -4
 166:Core/Src/can.c **** 
 167:Core/Src/can.c ****   if(canHandle->Instance==CAN1)
 465              		.loc 1 167 3 is_stmt 1 view .LVU139
 466              		.loc 1 167 15 is_stmt 0 view .LVU140
 467 0002 0368     		ldr	r3, [r0]
 468              		.loc 1 167 5 view .LVU141
 469 0004 184A     		ldr	r2, .L33
 470 0006 9342     		cmp	r3, r2
 471 0008 03D0     		beq	.L31
 168:Core/Src/can.c ****   {
 169:Core/Src/can.c ****   /* USER CODE BEGIN CAN1_MspDeInit 0 */
 170:Core/Src/can.c **** 
 171:Core/Src/can.c ****   /* USER CODE END CAN1_MspDeInit 0 */
 172:Core/Src/can.c ****     /* Peripheral clock disable */
 173:Core/Src/can.c ****     HAL_RCC_CAN1_CLK_ENABLED--;
 174:Core/Src/can.c ****     if(HAL_RCC_CAN1_CLK_ENABLED==0){
 175:Core/Src/can.c ****       __HAL_RCC_CAN1_CLK_DISABLE();
 176:Core/Src/can.c ****     }
 177:Core/Src/can.c **** 
 178:Core/Src/can.c ****     /**CAN1 GPIO Configuration
 179:Core/Src/can.c ****     PD0     ------> CAN1_RX
 180:Core/Src/can.c ****     PD1     ------> CAN1_TX
 181:Core/Src/can.c ****     */
 182:Core/Src/can.c ****     HAL_GPIO_DeInit(GPIOD, GPIO_PIN_0|GPIO_PIN_1);
 183:Core/Src/can.c **** 
 184:Core/Src/can.c ****     /* CAN1 interrupt Deinit */
 185:Core/Src/can.c ****     HAL_NVIC_DisableIRQ(CAN1_RX0_IRQn);
 186:Core/Src/can.c ****   /* USER CODE BEGIN CAN1_MspDeInit 1 */
 187:Core/Src/can.c **** 
 188:Core/Src/can.c ****   /* USER CODE END CAN1_MspDeInit 1 */
 189:Core/Src/can.c ****   }
 190:Core/Src/can.c ****   else if(canHandle->Instance==CAN2)
 472              		.loc 1 190 8 is_stmt 1 view .LVU142
 473              		.loc 1 190 10 is_stmt 0 view .LVU143
 474 000a 184A     		ldr	r2, .L33+4
 475 000c 9342     		cmp	r3, r2
 476 000e 12D0     		beq	.L32
 477              	.LVL18:
 478              	.L25:
 191:Core/Src/can.c ****   {
 192:Core/Src/can.c ****   /* USER CODE BEGIN CAN2_MspDeInit 0 */
 193:Core/Src/can.c **** 
 194:Core/Src/can.c ****   /* USER CODE END CAN2_MspDeInit 0 */
 195:Core/Src/can.c ****     /* Peripheral clock disable */
 196:Core/Src/can.c ****     __HAL_RCC_CAN2_CLK_DISABLE();
 197:Core/Src/can.c ****     HAL_RCC_CAN1_CLK_ENABLED--;
 198:Core/Src/can.c ****     if(HAL_RCC_CAN1_CLK_ENABLED==0){
 199:Core/Src/can.c ****       __HAL_RCC_CAN1_CLK_DISABLE();
 200:Core/Src/can.c ****     }
 201:Core/Src/can.c **** 
 202:Core/Src/can.c ****     /**CAN2 GPIO Configuration
 203:Core/Src/can.c ****     PB5     ------> CAN2_RX
 204:Core/Src/can.c ****     PB6     ------> CAN2_TX
ARM GAS  C:\Users\28212\AppData\Local\Temp\ccKHYosg.s 			page 14


 205:Core/Src/can.c ****     */
 206:Core/Src/can.c ****     HAL_GPIO_DeInit(GPIOB, GPIO_PIN_5|GPIO_PIN_6);
 207:Core/Src/can.c **** 
 208:Core/Src/can.c ****     /* CAN2 interrupt Deinit */
 209:Core/Src/can.c ****     HAL_NVIC_DisableIRQ(CAN2_RX0_IRQn);
 210:Core/Src/can.c ****   /* USER CODE BEGIN CAN2_MspDeInit 1 */
 211:Core/Src/can.c **** 
 212:Core/Src/can.c ****   /* USER CODE END CAN2_MspDeInit 1 */
 213:Core/Src/can.c ****   }
 214:Core/Src/can.c **** }
 479              		.loc 1 214 1 view .LVU144
 480 0010 08BD     		pop	{r3, pc}
 481              	.LVL19:
 482              	.L31:
 173:Core/Src/can.c ****     if(HAL_RCC_CAN1_CLK_ENABLED==0){
 483              		.loc 1 173 5 is_stmt 1 view .LVU145
 173:Core/Src/can.c ****     if(HAL_RCC_CAN1_CLK_ENABLED==0){
 484              		.loc 1 173 29 is_stmt 0 view .LVU146
 485 0012 174A     		ldr	r2, .L33+8
 486 0014 1368     		ldr	r3, [r2]
 487 0016 013B     		subs	r3, r3, #1
 488 0018 1360     		str	r3, [r2]
 174:Core/Src/can.c ****       __HAL_RCC_CAN1_CLK_DISABLE();
 489              		.loc 1 174 5 is_stmt 1 view .LVU147
 174:Core/Src/can.c ****       __HAL_RCC_CAN1_CLK_DISABLE();
 490              		.loc 1 174 7 is_stmt 0 view .LVU148
 491 001a 23B9     		cbnz	r3, .L27
 175:Core/Src/can.c ****     }
 492              		.loc 1 175 7 is_stmt 1 view .LVU149
 493 001c 154A     		ldr	r2, .L33+12
 494 001e 136C     		ldr	r3, [r2, #64]
 495 0020 23F00073 		bic	r3, r3, #33554432
 496 0024 1364     		str	r3, [r2, #64]
 497              	.L27:
 182:Core/Src/can.c **** 
 498              		.loc 1 182 5 view .LVU150
 499 0026 0321     		movs	r1, #3
 500 0028 1348     		ldr	r0, .L33+16
 501              	.LVL20:
 182:Core/Src/can.c **** 
 502              		.loc 1 182 5 is_stmt 0 view .LVU151
 503 002a FFF7FEFF 		bl	HAL_GPIO_DeInit
 504              	.LVL21:
 185:Core/Src/can.c ****   /* USER CODE BEGIN CAN1_MspDeInit 1 */
 505              		.loc 1 185 5 is_stmt 1 view .LVU152
 506 002e 1420     		movs	r0, #20
 507 0030 FFF7FEFF 		bl	HAL_NVIC_DisableIRQ
 508              	.LVL22:
 509 0034 ECE7     		b	.L25
 510              	.LVL23:
 511              	.L32:
 196:Core/Src/can.c ****     HAL_RCC_CAN1_CLK_ENABLED--;
 512              		.loc 1 196 5 view .LVU153
 513 0036 02F5E832 		add	r2, r2, #118784
 514 003a 136C     		ldr	r3, [r2, #64]
 515 003c 23F08063 		bic	r3, r3, #67108864
 516 0040 1364     		str	r3, [r2, #64]
ARM GAS  C:\Users\28212\AppData\Local\Temp\ccKHYosg.s 			page 15


 197:Core/Src/can.c ****     if(HAL_RCC_CAN1_CLK_ENABLED==0){
 517              		.loc 1 197 5 view .LVU154
 197:Core/Src/can.c ****     if(HAL_RCC_CAN1_CLK_ENABLED==0){
 518              		.loc 1 197 29 is_stmt 0 view .LVU155
 519 0042 0B4A     		ldr	r2, .L33+8
 520 0044 1368     		ldr	r3, [r2]
 521 0046 013B     		subs	r3, r3, #1
 522 0048 1360     		str	r3, [r2]
 198:Core/Src/can.c ****       __HAL_RCC_CAN1_CLK_DISABLE();
 523              		.loc 1 198 5 is_stmt 1 view .LVU156
 198:Core/Src/can.c ****       __HAL_RCC_CAN1_CLK_DISABLE();
 524              		.loc 1 198 7 is_stmt 0 view .LVU157
 525 004a 23B9     		cbnz	r3, .L29
 199:Core/Src/can.c ****     }
 526              		.loc 1 199 7 is_stmt 1 view .LVU158
 527 004c 094A     		ldr	r2, .L33+12
 528 004e 136C     		ldr	r3, [r2, #64]
 529 0050 23F00073 		bic	r3, r3, #33554432
 530 0054 1364     		str	r3, [r2, #64]
 531              	.L29:
 206:Core/Src/can.c **** 
 532              		.loc 1 206 5 view .LVU159
 533 0056 6021     		movs	r1, #96
 534 0058 0848     		ldr	r0, .L33+20
 535              	.LVL24:
 206:Core/Src/can.c **** 
 536              		.loc 1 206 5 is_stmt 0 view .LVU160
 537 005a FFF7FEFF 		bl	HAL_GPIO_DeInit
 538              	.LVL25:
 209:Core/Src/can.c ****   /* USER CODE BEGIN CAN2_MspDeInit 1 */
 539              		.loc 1 209 5 is_stmt 1 view .LVU161
 540 005e 4020     		movs	r0, #64
 541 0060 FFF7FEFF 		bl	HAL_NVIC_DisableIRQ
 542              	.LVL26:
 543              		.loc 1 214 1 is_stmt 0 view .LVU162
 544 0064 D4E7     		b	.L25
 545              	.L34:
 546 0066 00BF     		.align	2
 547              	.L33:
 548 0068 00640040 		.word	1073767424
 549 006c 00680040 		.word	1073768448
 550 0070 00000000 		.word	.LANCHOR2
 551 0074 00380240 		.word	1073887232
 552 0078 000C0240 		.word	1073875968
 553 007c 00040240 		.word	1073873920
 554              		.cfi_endproc
 555              	.LFE133:
 557              		.global	hcan2
 558              		.global	hcan1
 559              		.section	.bss.HAL_RCC_CAN1_CLK_ENABLED,"aw",%nobits
 560              		.align	2
 561              		.set	.LANCHOR2,. + 0
 564              	HAL_RCC_CAN1_CLK_ENABLED:
 565 0000 00000000 		.space	4
 566              		.section	.bss.hcan1,"aw",%nobits
 567              		.align	2
 568              		.set	.LANCHOR0,. + 0
ARM GAS  C:\Users\28212\AppData\Local\Temp\ccKHYosg.s 			page 16


 571              	hcan1:
 572 0000 00000000 		.space	40
 572      00000000 
 572      00000000 
 572      00000000 
 572      00000000 
 573              		.section	.bss.hcan2,"aw",%nobits
 574              		.align	2
 575              		.set	.LANCHOR1,. + 0
 578              	hcan2:
 579 0000 00000000 		.space	40
 579      00000000 
 579      00000000 
 579      00000000 
 579      00000000 
 580              		.text
 581              	.Letext0:
 582              		.file 2 "d:\\gcc-arm-none-eabi-10.3-2021.10\\arm-none-eabi\\include\\machine\\_default_types.h"
 583              		.file 3 "d:\\gcc-arm-none-eabi-10.3-2021.10\\arm-none-eabi\\include\\sys\\_stdint.h"
 584              		.file 4 "Drivers/CMSIS/Device/ST/STM32F4xx/Include/stm32f407xx.h"
 585              		.file 5 "Drivers/CMSIS/Device/ST/STM32F4xx/Include/stm32f4xx.h"
 586              		.file 6 "Drivers/STM32F4xx_HAL_Driver/Inc/stm32f4xx_hal_def.h"
 587              		.file 7 "Drivers/STM32F4xx_HAL_Driver/Inc/stm32f4xx_hal_gpio.h"
 588              		.file 8 "Drivers/STM32F4xx_HAL_Driver/Inc/stm32f4xx_hal_can.h"
 589              		.file 9 "Core/Inc/can.h"
 590              		.file 10 "Drivers/STM32F4xx_HAL_Driver/Inc/stm32f4xx_hal_cortex.h"
 591              		.file 11 "Core/Inc/main.h"
ARM GAS  C:\Users\28212\AppData\Local\Temp\ccKHYosg.s 			page 17


DEFINED SYMBOLS
                            *ABS*:00000000 can.c
C:\Users\28212\AppData\Local\Temp\ccKHYosg.s:20     .text.MX_CAN1_Init:00000000 $t
C:\Users\28212\AppData\Local\Temp\ccKHYosg.s:26     .text.MX_CAN1_Init:00000000 MX_CAN1_Init
C:\Users\28212\AppData\Local\Temp\ccKHYosg.s:99     .text.MX_CAN1_Init:0000003c $d
C:\Users\28212\AppData\Local\Temp\ccKHYosg.s:105    .text.MX_CAN2_Init:00000000 $t
C:\Users\28212\AppData\Local\Temp\ccKHYosg.s:111    .text.MX_CAN2_Init:00000000 MX_CAN2_Init
C:\Users\28212\AppData\Local\Temp\ccKHYosg.s:183    .text.MX_CAN2_Init:0000003c $d
C:\Users\28212\AppData\Local\Temp\ccKHYosg.s:189    .text.HAL_CAN_MspInit:00000000 $t
C:\Users\28212\AppData\Local\Temp\ccKHYosg.s:195    .text.HAL_CAN_MspInit:00000000 HAL_CAN_MspInit
C:\Users\28212\AppData\Local\Temp\ccKHYosg.s:435    .text.HAL_CAN_MspInit:00000108 $d
C:\Users\28212\AppData\Local\Temp\ccKHYosg.s:446    .text.HAL_CAN_MspDeInit:00000000 $t
C:\Users\28212\AppData\Local\Temp\ccKHYosg.s:452    .text.HAL_CAN_MspDeInit:00000000 HAL_CAN_MspDeInit
C:\Users\28212\AppData\Local\Temp\ccKHYosg.s:548    .text.HAL_CAN_MspDeInit:00000068 $d
C:\Users\28212\AppData\Local\Temp\ccKHYosg.s:578    .bss.hcan2:00000000 hcan2
C:\Users\28212\AppData\Local\Temp\ccKHYosg.s:571    .bss.hcan1:00000000 hcan1
C:\Users\28212\AppData\Local\Temp\ccKHYosg.s:560    .bss.HAL_RCC_CAN1_CLK_ENABLED:00000000 $d
C:\Users\28212\AppData\Local\Temp\ccKHYosg.s:564    .bss.HAL_RCC_CAN1_CLK_ENABLED:00000000 HAL_RCC_CAN1_CLK_ENABLED
C:\Users\28212\AppData\Local\Temp\ccKHYosg.s:567    .bss.hcan1:00000000 $d
C:\Users\28212\AppData\Local\Temp\ccKHYosg.s:574    .bss.hcan2:00000000 $d

UNDEFINED SYMBOLS
HAL_CAN_Init
Error_Handler
HAL_GPIO_Init
HAL_NVIC_SetPriority
HAL_NVIC_EnableIRQ
HAL_GPIO_DeInit
HAL_NVIC_DisableIRQ
